# JRE version: Java(TM) SE Runtime Environment (8.0_66-b18) (build 1.8.0_66-b18)
# Java VM: Java HotSpot(TM) Client VM (25.66-b18 mixed mode windows-x86 )
Heap:
 def new generation   total 4928K, used 1407K [0x03c00000, 0x04150000, 0x09150000)
  eden space 4416K,  29% used [0x03c00000, 0x03d471f0, 0x04050000)
  from space 512K,  19% used [0x04050000, 0x04068d10, 0x040d0000)
  to   space 512K,   0% used [0x040d0000, 0x040d0000, 0x04150000)
 tenured generation   total 10944K, used 1314K [0x09150000, 0x09c00000, 0x13c00000)
   the space 10944K,  12% used [0x09150000, 0x09298b70, 0x09298c00, 0x09c00000)
 Metaspace       used 5727K, capacity 5938K, committed 6016K, reserved 6528K
GC Heap History (10 events):
Event: 57.174 GC heap before
{Heap before GC invocations=3 (full 0):
 def new generation   total 4928K, used 4515K [0x03c00000, 0x04150000, 0x09150000)
  eden space 4416K, 100% used [0x03c00000, 0x04050000, 0x04050000)
  from space 512K,  19% used [0x040d0000, 0x040e8fc8, 0x04150000)
  to   space 512K,   0% used [0x04050000, 0x04050000, 0x040d0000)
 tenured generation   total 10944K, used 1314K [0x09150000, 0x09c00000, 0x13c00000)
   the space 10944K,  12% used [0x09150000, 0x09298b70, 0x09298c00, 0x09c00000)
 Metaspace       used 5698K, capacity 5906K, committed 6016K, reserved 6528K
Event: 57.176 GC heap after
Heap after GC invocations=4 (full 0):
 def new generation   total 4928K, used 99K [0x03c00000, 0x04150000, 0x09150000)
  eden space 4416K,   0% used [0x03c00000, 0x03c00000, 0x04050000)
  from space 512K,  19% used [0x04050000, 0x04068ea0, 0x040d0000)
  to   space 512K,   0% used [0x040d0000, 0x040d0000, 0x04150000)
 tenured generation   total 10944K, used 1314K [0x09150000, 0x09c00000, 0x13c00000)
   the space 10944K,  12% used [0x09150000, 0x09298b70, 0x09298c00, 0x09c00000)
 Metaspace       used 5698K, capacity 5906K, committed 6016K, reserved 6528K
}
Event: 76.485 GC heap before
{Heap before GC invocations=4 (full 0):
 def new generation   total 4928K, used 4515K [0x03c00000, 0x04150000, 0x09150000)
  eden space 4416K, 100% used [0x03c00000, 0x04050000, 0x04050000)
  from space 512K,  19% used [0x04050000, 0x04068ea0, 0x040d0000)
  to   space 512K,   0% used [0x040d0000, 0x040d0000, 0x04150000)
 tenured generation   total 10944K, used 1314K [0x09150000, 0x09c00000, 0x13c00000)
   the space 10944K,  12% used [0x09150000, 0x09298b70, 0x09298c00, 0x09c00000)
 Metaspace       used 5699K, capacity 5906K, committed 6016K, reserved 6528K
Event: 76.486 GC heap after
Heap after GC invocations=5 (full 0):
 def new generation   total 4928K, used 98K [0x03c00000, 0x04150000, 0x09150000)
  eden space 4416K,   0% used [0x03c00000, 0x03c00000, 0x04050000)
  from space 512K,  19% used [0x040d0000, 0x040e8858, 0x04150000)
  to   space 512K,   0% used [0x04050000, 0x04050000, 0x040d0000)
 tenured generation   total 10944K, used 1314K [0x09150000, 0x09c00000, 0x13c00000)
   the space 10944K,  12% used [0x09150000, 0x09298b70, 0x09298c00, 0x09c00000)
 Metaspace       used 5699K, capacity 5906K, committed 6016K, reserved 6528K
}
Event: 95.987 GC heap before
{Heap before GC invocations=5 (full 0):
 def new generation   total 4928K, used 4514K [0x03c00000, 0x04150000, 0x09150000)
  eden space 4416K, 100% used [0x03c00000, 0x04050000, 0x04050000)
  from space 512K,  19% used [0x040d0000, 0x040e8858, 0x04150000)
  to   space 512K,   0% used [0x04050000, 0x04050000, 0x040d0000)
 tenured generation   total 10944K, used 1314K [0x09150000, 0x09c00000, 0x13c00000)
   the space 10944K,  12% used [0x09150000, 0x09298b70, 0x09298c00, 0x09c00000)
 Metaspace       used 5703K, capacity 5906K, committed 6016K, reserved 6528K
Event: 95.988 GC heap after
Heap after GC invocations=6 (full 0):
 def new generation   total 4928K, used 97K [0x03c00000, 0x04150000, 0x09150000)
  eden space 4416K,   0% used [0x03c00000, 0x03c00000, 0x04050000)
  from space 512K,  18% used [0x04050000, 0x040684e8, 0x040d0000)
  to   space 512K,   0% used [0x040d0000, 0x040d0000, 0x04150000)
 tenured generation   total 10944K, used 1314K [0x09150000, 0x09c00000, 0x13c00000)
   the space 10944K,  12% used [0x09150000, 0x09298b70, 0x09298c00, 0x09c00000)
 Metaspace       used 5703K, capacity 5906K, committed 6016K, reserved 6528K
}
Event: 115.452 GC heap before
{Heap before GC invocations=6 (full 0):
 def new generation   total 4928K, used 4513K [0x03c00000, 0x04150000, 0x09150000)
  eden space 4416K, 100% used [0x03c00000, 0x04050000, 0x04050000)
  from space 512K,  18% used [0x04050000, 0x040684e8, 0x040d0000)
  to   space 512K,   0% used [0x040d0000, 0x040d0000, 0x04150000)
 tenured generation   total 10944K, used 1314K [0x09150000, 0x09c00000, 0x13c00000)
   the space 10944K,  12% used [0x09150000, 0x09298b70, 0x09298c00, 0x09c00000)
 Metaspace       used 5708K, capacity 5906K, committed 6016K, reserved 6528K
Event: 115.454 GC heap after
Heap after GC invocations=7 (full 0):
 def new generation   total 4928K, used 97K [0x03c00000, 0x04150000, 0x09150000)
  eden space 4416K,   0% used [0x03c00000, 0x03c00000, 0x04050000)
  from space 512K,  19% used [0x040d0000, 0x040e8760, 0x04150000)
  to   space 512K,   0% used [0x04050000, 0x04050000, 0x040d0000)
 tenured generation   total 10944K, used 1314K [0x09150000, 0x09c00000, 0x13c00000)
   the space 10944K,  12% used [0x09150000, 0x09298b70, 0x09298c00, 0x09c00000)
 Metaspace       used 5708K, capacity 5906K, committed 6016K, reserved 6528K
}
Event: 134.955 GC heap before
{Heap before GC invocations=7 (full 0):
 def new generation   total 4928K, used 4513K [0x03c00000, 0x04150000, 0x09150000)
  eden space 4416K, 100% used [0x03c00000, 0x04050000, 0x04050000)
  from space 512K,  19% used [0x040d0000, 0x040e8760, 0x04150000)
  to   space 512K,   0% used [0x04050000, 0x04050000, 0x040d0000)
 tenured generation   total 10944K, used 1314K [0x09150000, 0x09c00000, 0x13c00000)
   the space 10944K,  12% used [0x09150000, 0x09298b70, 0x09298c00, 0x09c00000)
 Metaspace       used 5714K, capacity 5906K, committed 6016K, reserved 6528K
Event: 134.957 GC heap after
Heap after GC invocations=8 (full 0):
 def new generation   total 4928K, used 99K [0x03c00000, 0x04150000, 0x09150000)
  eden space 4416K,   0% used [0x03c00000, 0x03c00000, 0x04050000)
  from space 512K,  19% used [0x04050000, 0x04068d10, 0x040d0000)
  to   space 512K,   0% used [0x040d0000, 0x040d0000, 0x04150000)
 tenured generation   total 10944K, used 1314K [0x09150000, 0x09c00000, 0x13c00000)
   the space 10944K,  12% used [0x09150000, 0x09298b70, 0x09298c00, 0x09c00000)
 Metaspace       used 5714K, capacity 5906K, committed 6016K, reserved 6528K
}

